s:\guildhall\p4\projects\dfs2\3dskeletalanimation\temporary\3dskeletalanimationsystem_win32_release\vc100.pdb
s:\guildhall\p4\projects\dfs2\3dskeletalanimation\temporary\3dskeletalanimationsystem_win32_release\animationactor.obj
s:\guildhall\p4\projects\dfs2\3dskeletalanimation\temporary\3dskeletalanimationsystem_win32_release\link.obj
s:\guildhall\p4\projects\dfs2\3dskeletalanimation\temporary\3dskeletalanimationsystem_win32_release\main_win32.obj
s:\guildhall\p4\projects\dfs2\3dskeletalanimation\temporary\3dskeletalanimationsystem_win32_release\pointmass.obj
s:\guildhall\p4\projects\dfs2\3dskeletalanimation\temporary\3dskeletalanimationsystem_win32_release\skeletalanimationobject.obj
s:\guildhall\p4\projects\dfs2\3dskeletalanimation\temporary\3dskeletalanimationsystem_win32_release\skeletalanimationsystem.obj
s:\guildhall\p4\projects\dfs2\3dskeletalanimation\temporary\3dskeletalanimationsystem_win32_release\skeleton.obj
s:\guildhall\p4\projects\dfs2\3dskeletalanimation\temporary\3dskeletalanimationsystem_win32_release\theapplication.obj
s:\guildhall\p4\projects\dfs2\3dskeletalanimation\temporary\3dskeletalanimationsystem_win32_release\thegame.obj
s:\guildhall\p4\projects\dfs2\3dskeletalanimation\temporary\3dskeletalanimationsystem_win32_release\3dskeletalanimationsystem.write.1.tlog
s:\guildhall\p4\projects\dfs2\3dskeletalanimation\temporary\3dskeletalanimationsystem_win32_release\cl.10392.read.1.tlog
s:\guildhall\p4\projects\dfs2\3dskeletalanimation\temporary\3dskeletalanimationsystem_win32_release\cl.10392.write.1.tlog
s:\guildhall\p4\projects\dfs2\3dskeletalanimation\temporary\3dskeletalanimationsystem_win32_release\cl.10476.read.1.tlog
s:\guildhall\p4\projects\dfs2\3dskeletalanimation\temporary\3dskeletalanimationsystem_win32_release\cl.10476.write.1.tlog
s:\guildhall\p4\projects\dfs2\3dskeletalanimation\temporary\3dskeletalanimationsystem_win32_release\cl.10808.read.1.tlog
s:\guildhall\p4\projects\dfs2\3dskeletalanimation\temporary\3dskeletalanimationsystem_win32_release\cl.10808.write.1.tlog
s:\guildhall\p4\projects\dfs2\3dskeletalanimation\temporary\3dskeletalanimationsystem_win32_release\cl.12608.read.1.tlog
s:\guildhall\p4\projects\dfs2\3dskeletalanimation\temporary\3dskeletalanimationsystem_win32_release\cl.12608.write.1.tlog
s:\guildhall\p4\projects\dfs2\3dskeletalanimation\temporary\3dskeletalanimationsystem_win32_release\cl.12848.read.1.tlog
s:\guildhall\p4\projects\dfs2\3dskeletalanimation\temporary\3dskeletalanimationsystem_win32_release\cl.12848.write.1.tlog
s:\guildhall\p4\projects\dfs2\3dskeletalanimation\temporary\3dskeletalanimationsystem_win32_release\cl.13308.read.1.tlog
s:\guildhall\p4\projects\dfs2\3dskeletalanimation\temporary\3dskeletalanimationsystem_win32_release\cl.13308.write.1.tlog
s:\guildhall\p4\projects\dfs2\3dskeletalanimation\temporary\3dskeletalanimationsystem_win32_release\cl.2876.read.1.tlog
s:\guildhall\p4\projects\dfs2\3dskeletalanimation\temporary\3dskeletalanimationsystem_win32_release\cl.2876.write.1.tlog
s:\guildhall\p4\projects\dfs2\3dskeletalanimation\temporary\3dskeletalanimationsystem_win32_release\cl.7160.read.1.tlog
s:\guildhall\p4\projects\dfs2\3dskeletalanimation\temporary\3dskeletalanimationsystem_win32_release\cl.7160.write.1.tlog
s:\guildhall\p4\projects\dfs2\3dskeletalanimation\temporary\3dskeletalanimationsystem_win32_release\cl.command.1.tlog
s:\guildhall\p4\projects\dfs2\3dskeletalanimation\temporary\3dskeletalanimationsystem_win32_release\cl.read.1.tlog
s:\guildhall\p4\projects\dfs2\3dskeletalanimation\temporary\3dskeletalanimationsystem_win32_release\cl.write.1.tlog
s:\guildhall\p4\projects\dfs2\3dskeletalanimation\temporary\3dskeletalanimationsystem_win32_release\link.command.1.tlog
s:\guildhall\p4\projects\dfs2\3dskeletalanimation\temporary\3dskeletalanimationsystem_win32_release\link.read.1.tlog
s:\guildhall\p4\projects\dfs2\3dskeletalanimation\temporary\3dskeletalanimationsystem_win32_release\link.write.1.tlog
