Build started 3/23/2016 12:19:35 AM.
     1>Project "S:\Guildhall\P4\Projects\DFS2\3DSkeletalAnimation\GameCode\3DSkeletalAnimationSystem.vcxproj" on node 2 (Build target(s)).
     1>ClCompile:
         C:\Program Files (x86)\Microsoft Visual Studio 10.0\VC\bin\CL.exe /c /IS:\Guildhall\P4\Projects\DFS2\3DSkeletalAnimation\../../ /IS:\Guildhall\P4\Projects\DFS2\3DSkeletalAnimation\ /Zi /nologo /W4 /WX- /MP /O2 /Oi /Oy- /GL /D WIN32 /D NDEBUG /D _WINDOWS /D _UNICODE /D UNICODE /Gm- /EHsc /MD /GS /Gy /fp:precise /Zc:wchar_t /Zc:forScope /Fo"S:\Guildhall\P4\Projects\DFS2\3DSkeletalAnimation\Temporary\3DSkeletalAnimationSystem_Win32_Release\\" /Fd"S:\Guildhall\P4\Projects\DFS2\3DSkeletalAnimation\Temporary\3DSkeletalAnimationSystem_Win32_Release\vc100.pdb" /Gd /TP /analyze- /errorReport:prompt SkeletalAnimationSystem.cpp TheGame.cpp
         SkeletalAnimationSystem.cpp
         TheGame.cpp
     1>TheGame.cpp(155): warning C4244: 'argument' : conversion from 'int' to 'float', possible loss of data
     1>TheGame.cpp(155): warning C4244: 'argument' : conversion from 'int' to 'float', possible loss of data
       Link:
         C:\Program Files (x86)\Microsoft Visual Studio 10.0\VC\bin\link.exe /ERRORREPORT:PROMPT /OUT:"S:\Guildhall\P4\Projects\DFS2\3DSkeletalAnimation\Temporary\3DSkeletalAnimationSystem_Win32_Release\3DSkeletalAnimationSystem.exe" /INCREMENTAL:NO /NOLOGO kernel32.lib user32.lib gdi32.lib winspool.lib comdlg32.lib advapi32.lib shell32.lib ole32.lib oleaut32.lib uuid.lib odbc32.lib odbccp32.lib /MANIFEST /ManifestFile:"S:\Guildhall\P4\Projects\DFS2\3DSkeletalAnimation\Temporary\3DSkeletalAnimationSystem_Win32_Release\3DSkeletalAnimationSystem.exe.intermediate.manifest" /MANIFESTUAC:"level='asInvoker' uiAccess='false'" /DEBUG /PDB:"S:\Guildhall\P4\Projects\DFS2\3DSkeletalAnimation\Temporary\3DSkeletalAnimationSystem_Win32_Release\3DSkeletalAnimationSystem.pdb" /SUBSYSTEM:WINDOWS /OPT:REF /OPT:ICF /LTCG /TLBID:1 /DYNAMICBASE /NXCOMPAT /IMPLIB:"S:\Guildhall\P4\Projects\DFS2\3DSkeletalAnimation\Temporary\3DSkeletalAnimationSystem_Win32_Release\3DSkeletalAnimationSystem.lib" /MACHINE:X86 S:\Guildhall\P4\Projects\DFS2\3DSkeletalAnimation\Temporary\3DSkeletalAnimationSystem_Win32_Release\AnimationActor.obj
         S:\Guildhall\P4\Projects\DFS2\3DSkeletalAnimation\Temporary\3DSkeletalAnimationSystem_Win32_Release\Link.obj
         S:\Guildhall\P4\Projects\DFS2\3DSkeletalAnimation\Temporary\3DSkeletalAnimationSystem_Win32_Release\PointMass.obj
         S:\Guildhall\P4\Projects\DFS2\3DSkeletalAnimation\Temporary\3DSkeletalAnimationSystem_Win32_Release\SkeletalAnimationObject.obj
         S:\Guildhall\P4\Projects\DFS2\3DSkeletalAnimation\Temporary\3DSkeletalAnimationSystem_Win32_Release\SkeletalAnimationSystem.obj
         S:\Guildhall\P4\Projects\DFS2\3DSkeletalAnimation\Temporary\3DSkeletalAnimationSystem_Win32_Release\main_win32.obj
         S:\Guildhall\P4\Projects\DFS2\3DSkeletalAnimation\Temporary\3DSkeletalAnimationSystem_Win32_Release\Skeleton.obj
         S:\Guildhall\P4\Projects\DFS2\3DSkeletalAnimation\Temporary\3DSkeletalAnimationSystem_Win32_Release\TheApplication.obj
         S:\Guildhall\P4\Projects\DFS2\3DSkeletalAnimation\Temporary\3DSkeletalAnimationSystem_Win32_Release\TheGame.obj
         S:\Guildhall\P4\Projects\DFS2\Temporary\Engine_Win32_Release\Engine.lib
         Generating code
         Finished generating code
         3DSkeletalAnimationSystem.vcxproj -> S:\Guildhall\P4\Projects\DFS2\3DSkeletalAnimation\Temporary\3DSkeletalAnimationSystem_Win32_Release\3DSkeletalAnimationSystem.exe
       Manifest:
         C:\Program Files (x86)\Microsoft SDKs\Windows\v7.0A\bin\mt.exe /nologo /verbose /outputresource:"S:\Guildhall\P4\Projects\DFS2\3DSkeletalAnimation\Temporary\3DSkeletalAnimationSystem_Win32_Release\3DSkeletalAnimationSystem.exe;#1" /manifest S:\Guildhall\P4\Projects\DFS2\3DSkeletalAnimation\Temporary\3DSkeletalAnimationSystem_Win32_Release\3DSkeletalAnimationSystem.exe.intermediate.manifest
       PostBuildEvent:
         xcopy /Y /F /I "S:\Guildhall\P4\Projects\DFS2\3DSkeletalAnimation\Temporary\3DSkeletalAnimationSystem_Win32_Release\3DSkeletalAnimationSystem.exe" "S:\Guildhall\P4\Projects\DFS2\3DSkeletalAnimation\Run_Win32\"
         :VCEnd
         S:\Guildhall\P4\Projects\DFS2\3DSkeletalAnimation\Temporary\3DSkeletalAnimationSystem_Win32_Release\3DSkeletalAnimationSystem.exe -> S:\Guildhall\P4\Projects\DFS2\3DSkeletalAnimation\Run_Win32\3DSkeletalAnimationSystem.exe
         1 File(s) copied
     1>Done Building Project "S:\Guildhall\P4\Projects\DFS2\3DSkeletalAnimation\GameCode\3DSkeletalAnimationSystem.vcxproj" (Build target(s)).

Build succeeded.

Time Elapsed 00:00:13.62
